<?xml version="1.0" encoding="UTF-8"?>
<testsuite xmlns:xsi="http://www.w3.org/2001/XMLSchema-instance" xsi:noNamespaceSchemaLocation="https://maven.apache.org/surefire/maven-surefire-plugin/xsd/surefire-test-report-3.0.xsd" version="3.0" name="GameTest" time="32.143" tests="39" errors="0" skipped="0" failures="0">
  <properties>
[...]
</properties>
  <testcase name="shouldNotAttackZombie" classname="GameTest" time="0.023"/>
  <testcase name="shouldNotAddZombie" classname="GameTest" time="0.009"/>
  <testcase name="shouldNotHaveSun" classname="GameTest" time="0.003"/>
  <testcase name="shouldAttackZombieWithPeaShooter" classname="GameTest" time="10.003"/>
  <testcase name="shouldAddSun" classname="GameTest" time="0.002"/>
  <testcase name="shouldAttackZombie" classname="GameTest" time="0.001"/>
  <testcase name="shouldEndGame" classname="GameTest" time="0.001"/>
  <testcase name="shouldPrintBoard" classname="GameTest" time="5.01">
    <system-out><![CDATA[Game Board:
. . . . . . . . . . . 
. . . . . . . . . . . 
. . . . P . . . . . . 
. . . . . . . . . . . 
. . . . . . . . . . . 
Bullets:
. . . . . . . . . . . 
. . . . . . . . . . . 
. . . . B . B B . B . 
. . . . . . . . . . . 
. . . . . . . . . . . 

]]></system-out>
  </testcase>
  <testcase name="shouldGenerateSunFlower" classname="GameTest" time="3.003"/>
  <testcase name="shouldExploitedPotato" classname="GameTest" time="5.003"/>
  <testcase name="shouldNotRemoveSun" classname="GameTest" time="0.001"/>
  <testcase name="shouldGenerateEciplant" classname="GameTest" time="3.002"/>
  <testcase name="shouldAddZombie" classname="GameTest" time="0.004"/>
  <testcase name="shouldNotDeletePlant" classname="GameTest" time="0.002"/>
  <testcase name="shouldDeletePlant" classname="GameTest" time="0.002"/>
  <testcase name="shouldNotAddBrain" classname="GameTest" time="0.001"/>
  <testcase name="shouldNotAddPlant" classname="GameTest" time="0.0"/>
  <testcase name="shouldNotAttackPlant" classname="GameTest" time="0.001"/>
  <testcase name="shouldAttackPlant" classname="GameTest" time="0.0"/>
  <testcase name="shouldNotAddSun" classname="GameTest" time="0.001"/>
  <testcase name="shouldAddPlayers" classname="GameTest" time="0.0"/>
  <testcase name="shouldNotEndGame" classname="GameTest" time="0.0"/>
  <testcase name="shouldGetZombie" classname="GameTest" time="0.006">
    <system-out><![CDATA[100 50 100 basic
]]></system-out>
  </testcase>
  <testcase name="shouldNotRemoveBrain" classname="GameTest" time="0.001"/>
  <testcase name="shouldNotRemovePlant" classname="GameTest" time="0.0"/>
  <testcase name="shouldRemoveBrain" classname="GameTest" time="0.0"/>
  <testcase name="shouldRemovePlant" classname="GameTest" time="0.001"/>
  <testcase name="shouldNotActivateMower" classname="GameTest" time="0.001"/>
  <testcase name="shouldActivateMower" classname="GameTest" time="0.001"/>
  <testcase name="shouldRemoveSun" classname="GameTest" time="0.001"/>
  <testcase name="shouldNotHaveBrain" classname="GameTest" time="0.001"/>
  <testcase name="shouldBrainsteinGenerate" classname="GameTest" time="6.001">
    <system-out><![CDATA[tamo activo papi
]]></system-out>
  </testcase>
  <testcase name="shouldGetPlant" classname="GameTest" time="0.002">
    <system-out><![CDATA[300 100 150 peashooter
]]></system-out>
  </testcase>
  <testcase name="shouldUpdateZombie" classname="GameTest" time="0.001"/>
  <testcase name="shouldAddMachine" classname="GameTest" time="0.001"/>
  <testcase name="shouldNotSearchZombie" classname="GameTest" time="0.001"/>
  <testcase name="shouldAddBrain" classname="GameTest" time="0.001"/>
  <testcase name="shouldNotAddPlant2" classname="GameTest" time="0.001"/>
  <testcase name="shouldAddPlant" classname="GameTest" time="0.002"/>
</testsuite>